<?xml version="1.0" encoding="UTF-8"?>
<testsuite name="com.klindziuk.JBehave.story.ProtestingStory" time="49.62" tests="1" errors="0" skipped="0" failures="0">
  <properties>
    <property name="java.runtime.name" value="Java(TM) SE Runtime Environment"/>
    <property name="sun.boot.library.path" value="D:\Program Files\Java\jdk1.8.0_51\jre\bin"/>
    <property name="java.vm.version" value="25.51-b03"/>
    <property name="java.vm.vendor" value="Oracle Corporation"/>
    <property name="maven.multiModuleProjectDirectory" value="D:\Program Files\EclipseIDE\workspace\BehaveProtesting"/>
    <property name="java.vendor.url" value="http://java.oracle.com/"/>
    <property name="path.separator" value=";"/>
    <property name="guice.disable.misplaced.annotation.check" value="true"/>
    <property name="java.vm.name" value="Java HotSpot(TM) 64-Bit Server VM"/>
    <property name="file.encoding.pkg" value="sun.io"/>
    <property name="user.script" value=""/>
    <property name="user.country" value="RU"/>
    <property name="sun.java.launcher" value="SUN_STANDARD"/>
    <property name="sun.os.patch.level" value="Service Pack 1"/>
    <property name="java.vm.specification.name" value="Java Virtual Machine Specification"/>
    <property name="user.dir" value="D:\Program Files\EclipseIDE\workspace\BehaveProtesting"/>
    <property name="java.runtime.version" value="1.8.0_51-b16"/>
    <property name="java.awt.graphicsenv" value="sun.awt.Win32GraphicsEnvironment"/>
    <property name="java.endorsed.dirs" value="D:\Program Files\Java\jdk1.8.0_51\jre\lib\endorsed"/>
    <property name="os.arch" value="amd64"/>
    <property name="java.io.tmpdir" value="C:\Users\Hp\AppData\Local\Temp\"/>
    <property name="line.separator" value="&#10;"/>
    <property name="java.vm.specification.vendor" value="Oracle Corporation"/>
    <property name="user.variant" value=""/>
    <property name="os.name" value="Windows 7"/>
    <property name="classworlds.conf" value="D:\Program Files\EclipseIDE\workspace\.metadata\.plugins\org.eclipse.m2e.launching\launches\m2conf5543655525404990694.tmp"/>
    <property name="sun.jnu.encoding" value="Cp1251"/>
    <property name="java.library.path" value="D:\Program Files\Java\jdk1.8.0_51\bin;C:\Windows\Sun\Java\bin;C:\Windows\system32;C:\Windows;C:/Program Files (x86)/Java/jre1.8.0_121/bin/client;C:/Program Files (x86)/Java/jre1.8.0_121/bin;C:/Program Files (x86)/Java/jre1.8.0_121/lib/i386;C:\ProgramData\Oracle\Java\javapath;C:\Program Files (x86)\NVIDIA Corporation\PhysX\Common;C:\Windows\system32;C:\Windows;C:\Windows\System32\Wbem;C:\Windows\System32\WindowsPowerShell\v1.0\;C:\Program Files\Mozilla Firefox\firefox.exe;C:\SERVER\bin;PATH=C:\ProgramData\Oracle\Java\javapath;C:\Program Files (x86)\NVIDIA Corporation\PhysX\Common;C:\Windows\system32;C:\Windows;C:\Windows\System32\Wbem;C:\Windows\System32\WindowsPowerShell\v1.0\;C:\Program Files\Mozilla Firefox\firefox.exe;C:\SERVER\bin;PATH=C:\ProgramData\Oracle\Java\javapath;C:\Program Files (x86)\NVIDIA Corporation\PhysX\Common;C:\Windows\system32;C:\Windows;C:\Windows\System32\Wbem;C:\Windows\System32\WindowsPowerShell\v1.0\;C:\Program Files\Mozilla Firefox\firefox.exe;C:\SERVER\bin;PATH=C:\Windows\System32;D:\Program Files\Java\jdk1.8.0_51\bin;D:\Java\Tomcat\bin;D:\Java\maven\bin;D:\Git\cmd;D:\FireFox\geckodriver;C:\Program Files (x86)\Skype\Phone\;D:\Program Files\Java\jdk1.8.0_51\bin;D:\Java\Tomcat\bin;D:\Java\maven\bin;D:\Git\cmd;D:\FireFox\geckodriver;C:\Program Files (x86)\Skype\Phone\;D:\Program Files\Java\jdk1.8.0_51\bin;D:\Java\Tomcat\bin;D:\Java\maven\bin;D:\Git\cmd;D:\FireFox\geckodriver;C:\Program Files (x86)\Skype\Phone\;C:\ProgramData\Oracle\Java\javapath;C:\Program Files (x86)\NVIDIA Corporation\PhysX\Common;C:\Windows\system32;C:\Windows;C:\Windows\System32\Wbem;C:\Windows\System32\WindowsPowerShell\v1.0\;C:\SERVER\bin;C:\Program Files (x86)\Skype\Phone\;PATH=C:\ProgramData\Oracle\Java\javapath;C:\Program Files (x86)\NVIDIA Corporation\PhysX\Common;C:\Windows\system32;C:\Windows;C:\Windows\System32\Wbem;C:\Windows\System32\WindowsPowerShell\v1.0\;C:\SERVER\bin;C:\Program Files (x86)\Skype\Phone\;PATH=C:\ProgramData\Oracle\Java\javapath;C:\Program Files (x86)\NVIDIA Corporation\PhysX\Common;C:\Windows\system32;C:\Windows;C:\Windows\System32\Wbem;C:\Windows\System32\WindowsPowerShell\v1.0\;C:\SERVER\bin;C:\Program Files (x86)\Skype\Phone\;PATH=C:\Windows\System32;D:\Program Files\Java\jdk1.8.0_51\bin;D:\Java\Tomcat\bin;D:\Java\maven\bin;D:\Git\cmd;D:\Program Files\Java\jdk1.8.0_51\bin;D:\Java\Tomcat\bin;D:\Java\maven\bin;D:\Git\cmd;D:\Program Files\Java\jdk1.8.0_51\bin;D:\Java\Tomcat\bin;D:\Java\maven\bin;D:\Git\cmd;D:\FireFox\geckodriver;C:\Program Files\Mozilla Firefox\firefox.exe;;D:\Program Files\EclipseIDE\eclipse;;."/>
    <property name="java.specification.name" value="Java Platform API Specification"/>
    <property name="java.class.version" value="52.0"/>
    <property name="sun.management.compiler" value="HotSpot 64-Bit Tiered Compilers"/>
    <property name="os.version" value="6.1"/>
    <property name="user.home" value="C:\Users\Hp"/>
    <property name="user.timezone" value="EET"/>
    <property name="java.awt.printerjob" value="sun.awt.windows.WPrinterJob"/>
    <property name="java.specification.version" value="1.8"/>
    <property name="file.encoding" value="Cp1251"/>
    <property name="user.name" value="Hp"/>
    <property name="java.class.path" value="/D:/Program Files/EclipseIDE/eclipse/plugins/org.eclipse.m2e.maven.runtime_1.6.2.20150902-0001/jars/plexus-classworlds-2.5.2.jar"/>
    <property name="java.vm.specification.version" value="1.8"/>
    <property name="sun.arch.data.model" value="64"/>
    <property name="java.home" value="D:\Program Files\Java\jdk1.8.0_51\jre"/>
    <property name="sun.java.command" value="org.codehaus.plexus.classworlds.launcher.Launcher -B test"/>
    <property name="java.specification.vendor" value="Oracle Corporation"/>
    <property name="user.language" value="ru"/>
    <property name="awt.toolkit" value="sun.awt.windows.WToolkit"/>
    <property name="java.vm.info" value="mixed mode"/>
    <property name="java.version" value="1.8.0_51"/>
    <property name="java.ext.dirs" value="D:\Program Files\Java\jdk1.8.0_51\jre\lib\ext;C:\Windows\Sun\Java\lib\ext"/>
    <property name="sun.boot.class.path" value="D:\Program Files\Java\jdk1.8.0_51\jre\lib\resources.jar;D:\Program Files\Java\jdk1.8.0_51\jre\lib\rt.jar;D:\Program Files\Java\jdk1.8.0_51\jre\lib\jsse.jar;D:\Program Files\Java\jdk1.8.0_51\jre\lib\jce.jar;D:\Program Files\Java\jdk1.8.0_51\jre\lib\charsets.jar;D:\Program Files\Java\jdk1.8.0_51\jre\lib\jfr.jar;D:\Program Files\Java\jdk1.8.0_51\lib\tools.jar"/>
    <property name="java.vendor" value="Oracle Corporation"/>
    <property name="maven.home" value="D:\Program Files\EclipseIDE\workspace\BehaveProtesting\EMBEDDED"/>
    <property name="file.separator" value="\"/>
    <property name="java.vendor.url.bug" value="http://bugreport.sun.com/bugreport/"/>
    <property name="sun.cpu.endian" value="little"/>
    <property name="sun.io.unicode.encoding" value="UnicodeLittle"/>
    <property name="sun.desktop" value="windows"/>
    <property name="sun.cpu.isalist" value="amd64"/>
  </properties>
  <testcase name="run" classname="com.klindziuk.JBehave.story.ProtestingStory" time="49.62"/>
</testsuite>