<?xml version="1.0" encoding="UTF-8"?>
<!-- Generated by org.testng.reporters.JUnitReportReporter -->
<testsuite hostname="Pk" name="com.klindziuk.JBehave.story.CheckTheMainPageStory" tests="1" failures="0" timestamp="7 May 2017 07:30:49 GMT" time="38.769" errors="0">
  <testcase name="run" time="38.769" classname="com.klindziuk.JBehave.story.CheckTheMainPageStory"/>
</testsuite> <!-- com.klindziuk.JBehave.story.CheckTheMainPageStory -->
