<?xml version="1.0" encoding="UTF-8"?>
<!-- Generated by org.testng.reporters.JUnitReportReporter -->
<testsuite hostname="Pk" name="com.klindziuk.JBehave.story.ProtestingStory" tests="1" failures="0" timestamp="9 May 2017 11:44:56 GMT" time="29.735" errors="0">
  <testcase name="run" time="29.735" classname="com.klindziuk.JBehave.story.ProtestingStory"/>
</testsuite> <!-- com.klindziuk.JBehave.story.ProtestingStory -->
