<?xml version="1.0" encoding="UTF-8"?>
<!-- Generated by org.testng.reporters.JUnitReportReporter -->
<testsuite hostname="Pk" name="com.klindziuk.JBehave.story.ProtestingStory" tests="1" failures="0" timestamp="7 May 2017 09:20:40 GMT" time="49.748" errors="0">
  <testcase name="run" time="49.748" classname="com.klindziuk.JBehave.story.ProtestingStory"/>
</testsuite> <!-- com.klindziuk.JBehave.story.ProtestingStory -->
